<?xml version="1.0" encoding="UTF-8"?>
<!-- Generated by org.testng.reporters.JUnitReportReporter -->
<testsuite hostname="dattachalwad" failures="0" tests="2" name="Tests.TestExamples" time="3.812" errors="0" timestamp="2023-09-24T12:56:22 IST" skipped="0">
  <testcase classname="Tests.TestExamples" name="test1_" time="3.470"/>
  <testcase classname="Tests.TestExamples" name="test2_" time="0.342"/>
</testsuite> <!-- Tests.TestExamples -->
