<?xml version="1.0" encoding="UTF-8"?>
<!-- Generated by org.testng.reporters.JUnitReportReporter -->
<testsuite hostname="dattachalwad" failures="0" tests="2" name="Tests.TestExamples" time="2.696" errors="0" timestamp="2023-09-30T15:03:01 IST" skipped="0">
  <testcase classname="Tests.TestExamples" name="test1_" time="1.806"/>
  <testcase classname="Tests.TestExamples" name="test2_" time="0.890"/>
</testsuite> <!-- Tests.TestExamples -->
